<?xml version="1.0" encoding="UTF-8" ?>
<testsuite tests="9" failures="0" name="com.hmi.kiddos.model.UserRoleIntegrationTest" time="0.918" errors="0" skipped="0">
  <properties>
[...]
</properties>
  <testcase classname="com.hmi.kiddos.model.UserRoleIntegrationTest" name="testFlush" time="0.156"/>
  <testcase classname="com.hmi.kiddos.model.UserRoleIntegrationTest" name="testPersist" time="0.084"/>
  <testcase classname="com.hmi.kiddos.model.UserRoleIntegrationTest" name="testMarkerMethod" time="0.007"/>
  <testcase classname="com.hmi.kiddos.model.UserRoleIntegrationTest" name="testMergeUpdate" time="0.119"/>
  <testcase classname="com.hmi.kiddos.model.UserRoleIntegrationTest" name="testFindUserRoleEntries" time="0.132"/>
  <testcase classname="com.hmi.kiddos.model.UserRoleIntegrationTest" name="testFindAllUserRoles" time="0.101"/>
  <testcase classname="com.hmi.kiddos.model.UserRoleIntegrationTest" name="testCountUserRoles" time="0.142"/>
  <testcase classname="com.hmi.kiddos.model.UserRoleIntegrationTest" name="testFindUserRole" time="0.085"/>
  <testcase classname="com.hmi.kiddos.model.UserRoleIntegrationTest" name="testRemove" time="0.092"/>
</testsuite>